[2019-04-23T14:36:15.216] [INFO] resLogger - 
*************** response log start ***************
request method: GET
request originalUrl: /
request client ip: ::1
request query: {}
response time: 50
response status: 200
response body: 
"<div class=\"container\">\n    <div class=\"row\">\n       <h2>标题：Hello Koa 2!</h2>\n       <ul>\n       \n           <li>1</li>\n       \n           <li>2</li>\n       \n           <li>3</li>\n       \n           <li>4</li>\n       \n           <li>5</li>\n       \n       </ul>\n    </div>\n </div>\n <script type=\"text/javascript\">\n    console.log('ejs 模板')\n </script>"
*************** response log end ***************

[2019-04-23T14:36:15.891] [INFO] resLogger - 
*************** response log start ***************
request method: GET
request originalUrl: /favicon.ico
request client ip: ::1
request query: {}
response time: 7
response status: 404
response body: 
undefined
*************** response log end ***************

[2019-04-23T14:36:17.486] [INFO] resLogger - 
*************** response log start ***************
request method: GET
request originalUrl: /
request client ip: ::1
request query: {}
response time: 3
response status: 200
response body: 
"<div class=\"container\">\n    <div class=\"row\">\n       <h2>标题：Hello Koa 2!</h2>\n       <ul>\n       \n           <li>1</li>\n       \n           <li>2</li>\n       \n           <li>3</li>\n       \n           <li>4</li>\n       \n           <li>5</li>\n       \n       </ul>\n    </div>\n </div>\n <script type=\"text/javascript\">\n    console.log('ejs 模板')\n </script>"
*************** response log end ***************

